Using pre-set license
Built from '2020.3/staging' branch; Version is '2020.3.17f1 (a4537701e4ab) revision 10769271'; Using compiler version '192528614'; Build Type 'Release'
OS: 'Windows 10 Home; OS build 19043.1165; Version 2009; 64bit' Language: 'en' Physical Memory: 11637 MB
BatchMode: 1, IsHumanControllingUs: 0, StartBugReporterOnCrash: 0, Is64bit: 1, IsPro: 0

COMMAND LINE ARGUMENTS:
C:\Program Files\Unity\Hub\Editor\2020.3.17f1\Editor\Unity.exe
-adb2
-batchMode
-noUpm
-name
AssetImportWorker0
-projectPath
C:/Users/Nathan Huxley/Documents/unity_game/Twitch Game
-logFile
Logs/AssetImportWorker0.log
-srvPort
55907
Successfully changed project path to: C:/Users/Nathan Huxley/Documents/unity_game/Twitch Game
C:/Users/Nathan Huxley/Documents/unity_game/Twitch Game
Using Asset Import Pipeline V2.
Refreshing native plugins compatible for Editor in 35.98 ms, found 2 plugins.
Preloading 0 native plugins for Editor in 0.00 ms.
Initialize engine version: 2020.3.17f1 (a4537701e4ab)
[Subsystems] Discovering subsystems at path C:/Program Files/Unity/Hub/Editor/2020.3.17f1/Editor/Data/Resources/UnitySubsystems
[Subsystems] Discovering subsystems at path C:/Users/Nathan Huxley/Documents/unity_game/Twitch Game/Assets
GfxDevice: creating device client; threaded=0
Direct3D:
    Version:  Direct3D 11.0 [level 11.1]
    Renderer: AMD Radeon(TM) Graphics (ID=0x1636)
    Vendor:   
    VRAM:     5818 MB
    Driver:   27.20.11044.7
Initialize mono
Mono path[0] = 'C:/Program Files/Unity/Hub/Editor/2020.3.17f1/Editor/Data/Managed'
Mono path[1] = 'C:/Program Files/Unity/Hub/Editor/2020.3.17f1/Editor/Data/MonoBleedingEdge/lib/mono/unityjit'
Mono config path = 'C:/Program Files/Unity/Hub/Editor/2020.3.17f1/Editor/Data/MonoBleedingEdge/etc'
Using monoOptions --debugger-agent=transport=dt_socket,embedding=1,server=y,suspend=n,address=127.0.0.1:56996
Begin MonoManager ReloadAssembly
Registering precompiled unity dll's ...
Register platform support module: C:/Program Files/Unity/Hub/Editor/2020.3.17f1/Editor/Data/PlaybackEngines/WebGLSupport/UnityEditor.WebGL.Extensions.dll
Register platform support module: C:/Program Files/Unity/Hub/Editor/2020.3.17f1/Editor/Data/PlaybackEngines/WindowsStandaloneSupport/UnityEditor.WindowsStandalone.Extensions.dll
Registered in 0.003101 seconds.
Native extension for WindowsStandalone target not found
Native extension for WebGL target not found
Refreshing native plugins compatible for Editor in 44.44 ms, found 2 plugins.
Preloading 0 native plugins for Editor in 0.00 ms.
Mono: successfully reloaded assembly
- Completed reload, in  1.616 seconds
Domain Reload Profiling:
	ReloadAssembly (1617ms)
		BeginReloadAssembly (62ms)
			ExecutionOrderSort (0ms)
			DisableScriptedObjects (0ms)
			BackupInstance (0ms)
			ReleaseScriptingObjects (0ms)
			CreateAndSetChildDomain (1ms)
		EndReloadAssembly (571ms)
			LoadAssemblies (61ms)
			RebuildTransferFunctionScriptingTraits (0ms)
			SetupTypeCache (218ms)
			ReleaseScriptCaches (0ms)
			RebuildScriptCaches (37ms)
			SetupLoadedEditorAssemblies (210ms)
				LogAssemblyErrors (0ms)
				InitializePlatformSupportModulesInManaged (9ms)
				SetLoadedEditorAssemblies (0ms)
				RefreshPlugins (45ms)
				BeforeProcessingInitializeOnLoad (23ms)
				ProcessInitializeOnLoadAttributes (102ms)
				ProcessInitializeOnLoadMethodAttributes (32ms)
				AfterProcessingInitializeOnLoad (0ms)
				EditorAssembliesLoaded (0ms)
			ExecutionOrderSort2 (0ms)
			AwakeInstancesAfterBackupRestoration (0ms)
Platform modules already initialized, skipping
Registering precompiled user dll's ...
Registered in 0.004019 seconds.
Begin MonoManager ReloadAssembly
Native extension for WindowsStandalone target not found
Native extension for WebGL target not found
Refreshing native plugins compatible for Editor in 0.44 ms, found 2 plugins.
Preloading 0 native plugins for Editor in 0.00 ms.
Mono: successfully reloaded assembly
- Completed reload, in  1.195 seconds
Domain Reload Profiling:
	ReloadAssembly (1196ms)
		BeginReloadAssembly (283ms)
			ExecutionOrderSort (0ms)
			DisableScriptedObjects (14ms)
			BackupInstance (0ms)
			ReleaseScriptingObjects (0ms)
			CreateAndSetChildDomain (27ms)
		EndReloadAssembly (838ms)
			LoadAssemblies (96ms)
			RebuildTransferFunctionScriptingTraits (0ms)
			SetupTypeCache (288ms)
			ReleaseScriptCaches (0ms)
			RebuildScriptCaches (44ms)
			SetupLoadedEditorAssemblies (315ms)
				LogAssemblyErrors (0ms)
				InitializePlatformSupportModulesInManaged (8ms)
				SetLoadedEditorAssemblies (0ms)
				RefreshPlugins (1ms)
				BeforeProcessingInitializeOnLoad (84ms)
				ProcessInitializeOnLoadAttributes (208ms)
				ProcessInitializeOnLoadMethodAttributes (4ms)
				AfterProcessingInitializeOnLoad (10ms)
				EditorAssembliesLoaded (0ms)
			ExecutionOrderSort2 (0ms)
			AwakeInstancesAfterBackupRestoration (7ms)
Platform modules already initialized, skipping
========================================================================
Worker process is ready to serve import requests
Launched and connected shader compiler UnityShaderCompiler.exe after 0.06 seconds
Refreshing native plugins compatible for Editor in 0.34 ms, found 2 plugins.
Preloading 0 native plugins for Editor in 0.00 ms.
Unloading 1438 Unused Serialized files (Serialized files now loaded: 0)
System memory in use before: 67.6 MB.
System memory in use after: 67.7 MB.

Unloading 16 unused Assets to reduce memory usage. Loaded Objects now: 1872.
Total: 4.459900 ms (FindLiveObjects: 0.234300 ms CreateObjectMapping: 0.154700 ms MarkObjects: 3.988400 ms  DeleteObjects: 0.080400 ms)

AssetImportParameters requested are different than current active one (requested -> active):
  custom:framework-win-MediaFoundation: 216162199b28c13a410421893ffa2e32 -> 
  custom:video-decoder-ogg-theora: a1e56fd34408186e4bbccfd4996cb3dc -> 
  custom:container-muxer-webm: aa71ff27fc2769a1b78a27578f13a17b -> 
  custom:container-demuxer-webm: 4f35f7cbe854078d1ac9338744f61a02 -> 
  custom:container-demuxer-ogg: 62fdf1f143b41e24485cea50d1cbac27 -> 
  custom:video-encoder-webm-vp8: eb34c28f22e8b96e1ab97ce403110664 -> 
  custom:video-decoder-webm-vp8: 9c59270c3fd7afecdb556c50c9e8de78 -> 
  custom:audio-decoder-ogg-vorbis: bf7c407c2cedff20999df2af8eb42d56 -> 
  custom:audio-encoder-webm-vorbis: bf7c407c2cedff20999df2af8eb42d56 -> 
========================================================================
Received Import Request.
  path: Assets/New Material 5.mat
  artifactKey: Guid(cb34d93d81fe849f18d537c896181392) Importer(815301076,1909f56bfc062723c751e8b465ee728b)
Start importing Assets/New Material 5.mat using Guid(cb34d93d81fe849f18d537c896181392) Importer(815301076,1909f56bfc062723c751e8b465ee728b)  -> (artifact id: 'd9119195f2ebfff15bb06cb3065e828e') in 0.346116 seconds 
  Import took 0.349594 seconds .

========================================================================
Received Import Request.
  Time since last request: 0.000379 seconds.
  path: Assets/tube.fbx
  artifactKey: Guid(e47defd714edb4953842ad7065b9292c) Importer(815301076,1909f56bfc062723c751e8b465ee728b)
Start importing Assets/tube.fbx using Guid(e47defd714edb4953842ad7065b9292c) Importer(815301076,1909f56bfc062723c751e8b465ee728b)  -> (artifact id: '15b164e0f6cd65391d523479cc5e3b8a') in 0.163631 seconds 
  Import took 0.166313 seconds .

========================================================================
Received Import Request.
  Time since last request: 0.000313 seconds.
  path: Assets/New Material.mat
  artifactKey: Guid(a361c03a6a9be420ba5fdd52ae00871a) Importer(815301076,1909f56bfc062723c751e8b465ee728b)
Start importing Assets/New Material.mat using Guid(a361c03a6a9be420ba5fdd52ae00871a) Importer(815301076,1909f56bfc062723c751e8b465ee728b)  -> (artifact id: '1dd645d91c72f990e25e45c6003c1b54') in 0.011027 seconds 
  Import took 0.013912 seconds .

========================================================================
Received Import Request.
  Time since last request: 0.000242 seconds.
  path: Assets/New Material 3.mat
  artifactKey: Guid(9b481882359214bdd80a4da0e638c30c) Importer(815301076,1909f56bfc062723c751e8b465ee728b)
Start importing Assets/New Material 3.mat using Guid(9b481882359214bdd80a4da0e638c30c) Importer(815301076,1909f56bfc062723c751e8b465ee728b)  -> (artifact id: 'd421c4466249b612f36e3b9daeddcf94') in 0.011501 seconds 
  Import took 0.013929 seconds .

========================================================================
Received Import Request.
  Time since last request: 0.000280 seconds.
  path: Assets/New Material 1.mat
  artifactKey: Guid(1007cdb3efd1d4391a22587f23262ed4) Importer(815301076,1909f56bfc062723c751e8b465ee728b)
Start importing Assets/New Material 1.mat using Guid(1007cdb3efd1d4391a22587f23262ed4) Importer(815301076,1909f56bfc062723c751e8b465ee728b)  -> (artifact id: 'fbda089f8996be7564f590b3b2a6a1d0') in 0.012128 seconds 
  Import took 0.014651 seconds .

========================================================================
Received Import Request.
  Time since last request: 0.000267 seconds.
  path: Assets/New Material 4.mat
  artifactKey: Guid(7923806ad2dfe4f7a93eabb9bf232fc1) Importer(815301076,1909f56bfc062723c751e8b465ee728b)
Start importing Assets/New Material 4.mat using Guid(7923806ad2dfe4f7a93eabb9bf232fc1) Importer(815301076,1909f56bfc062723c751e8b465ee728b)  -> (artifact id: '537aa8356b1a33d75c4d34156ea4f4be') in 0.012578 seconds 
  Import took 0.015112 seconds .

========================================================================
Received Import Request.
  Time since last request: 0.000258 seconds.
  path: Assets/New Material 2.mat
  artifactKey: Guid(5a67c5ba6eb3a4939821cb9a3f409f04) Importer(815301076,1909f56bfc062723c751e8b465ee728b)
Start importing Assets/New Material 2.mat using Guid(5a67c5ba6eb3a4939821cb9a3f409f04) Importer(815301076,1909f56bfc062723c751e8b465ee728b)  -> (artifact id: '052b43a34365ae004a5cc2a42a6ca7ae') in 0.012927 seconds 
  Import took 0.015313 seconds .

========================================================================
Received Import Request.
  Time since last request: 0.000230 seconds.
  path: Assets/boi.prefab
  artifactKey: Guid(3274a6a8a47ae45febec445681e9ca04) Importer(815301076,1909f56bfc062723c751e8b465ee728b)
Start importing Assets/boi.prefab using Guid(3274a6a8a47ae45febec445681e9ca04) Importer(815301076,1909f56bfc062723c751e8b465ee728b)  -> (artifact id: '93d7c0fa4bff91234e6d1aaf2ba71dc9') in 0.047341 seconds 
  Import took 0.050482 seconds .

========================================================================
Received Import Request.
  Time since last request: 4.539761 seconds.
  path: Assets/Scenes
  artifactKey: Guid(45e3eed688398de42925bab71edad54d) Importer(815301076,1909f56bfc062723c751e8b465ee728b)
Start importing Assets/Scenes using Guid(45e3eed688398de42925bab71edad54d) Importer(815301076,1909f56bfc062723c751e8b465ee728b)  -> (artifact id: '329ddfd6961aa782f2cb96b3c19304b1') in 0.003936 seconds 
  Import took 0.006429 seconds .

========================================================================
Received Import Request.
  Time since last request: 0.011799 seconds.
  path: Assets/Scenes
  artifactKey: Guid(45e3eed688398de42925bab71edad54d) Importer(815301076,1909f56bfc062723c751e8b465ee728b)
Start importing Assets/Scenes using Guid(45e3eed688398de42925bab71edad54d) Importer(815301076,1909f56bfc062723c751e8b465ee728b)  -> (artifact id: '329ddfd6961aa782f2cb96b3c19304b1') in 0.003385 seconds 
  Import took 0.006493 seconds .

========================================================================
Received Import Request.
  Time since last request: 6.769211 seconds.
  path: Assets/Scenes/5 player.unity
  artifactKey: Guid(67358d9edf4d94ed282a308b9ec25b2f) Importer(815301076,1909f56bfc062723c751e8b465ee728b)
Start importing Assets/Scenes/5 player.unity using Guid(67358d9edf4d94ed282a308b9ec25b2f) Importer(815301076,1909f56bfc062723c751e8b465ee728b)  -> (artifact id: 'c90e85786dff0c58db0bf3feb53a1b31') in 0.003967 seconds 
  Import took 0.007141 seconds .

========================================================================
Received Import Request.
  Time since last request: 18.664767 seconds.
  path: Assets/Scenes/5player.unity
  artifactKey: Guid(6a12f3d1c943d5e42808f119bbda31f4) Importer(815301076,1909f56bfc062723c751e8b465ee728b)
Start importing Assets/Scenes/5player.unity using Guid(6a12f3d1c943d5e42808f119bbda31f4) Importer(815301076,1909f56bfc062723c751e8b465ee728b)  -> (artifact id: '5b0c2a3058b0e3bbc3def2615874013a') in 0.005332 seconds 
  Import took 0.008573 seconds .

========================================================================
Received Prepare
Registering precompiled user dll's ...
Registered in 0.012321 seconds.
Begin MonoManager ReloadAssembly
Native extension for WindowsStandalone target not found
Native extension for WebGL target not found
Refreshing native plugins compatible for Editor in 0.41 ms, found 2 plugins.
Preloading 0 native plugins for Editor in 0.00 ms.
Mono: successfully reloaded assembly
- Completed reload, in  2.787 seconds
Domain Reload Profiling:
	ReloadAssembly (2787ms)
		BeginReloadAssembly (212ms)
			ExecutionOrderSort (0ms)
			DisableScriptedObjects (8ms)
			BackupInstance (0ms)
			ReleaseScriptingObjects (0ms)
			CreateAndSetChildDomain (62ms)
		EndReloadAssembly (2431ms)
			LoadAssemblies (183ms)
			RebuildTransferFunctionScriptingTraits (0ms)
			SetupTypeCache (581ms)
			ReleaseScriptCaches (1ms)
			RebuildScriptCaches (62ms)
			SetupLoadedEditorAssemblies (1403ms)
				LogAssemblyErrors (0ms)
				InitializePlatformSupportModulesInManaged (11ms)
				SetLoadedEditorAssemblies (1ms)
				RefreshPlugins (1ms)
				BeforeProcessingInitializeOnLoad (339ms)
				ProcessInitializeOnLoadAttributes (1027ms)
				ProcessInitializeOnLoadMethodAttributes (6ms)
				AfterProcessingInitializeOnLoad (20ms)
				EditorAssembliesLoaded (0ms)
			ExecutionOrderSort2 (0ms)
			AwakeInstancesAfterBackupRestoration (19ms)
Platform modules already initialized, skipping
Refreshing native plugins compatible for Editor in 0.36 ms, found 2 plugins.
Preloading 0 native plugins for Editor in 0.00 ms.
Unloading 1419 Unused Serialized files (Serialized files now loaded: 0)
System memory in use before: 69.8 MB.
System memory in use after: 69.9 MB.

Unloading 14 unused Assets to reduce memory usage. Loaded Objects now: 1921.
Total: 10.366700 ms (FindLiveObjects: 0.201200 ms CreateObjectMapping: 0.037500 ms MarkObjects: 10.084000 ms  DeleteObjects: 0.042100 ms)

AssetImportParameters requested are different than current active one (requested -> active):
  custom:framework-win-MediaFoundation: 216162199b28c13a410421893ffa2e32 -> 
  custom:video-decoder-ogg-theora: a1e56fd34408186e4bbccfd4996cb3dc -> 
  custom:container-muxer-webm: aa71ff27fc2769a1b78a27578f13a17b -> 
  custom:container-demuxer-webm: 4f35f7cbe854078d1ac9338744f61a02 -> 
  custom:container-demuxer-ogg: 62fdf1f143b41e24485cea50d1cbac27 -> 
  custom:video-encoder-webm-vp8: eb34c28f22e8b96e1ab97ce403110664 -> 
  custom:video-decoder-webm-vp8: 9c59270c3fd7afecdb556c50c9e8de78 -> 
  custom:audio-decoder-ogg-vorbis: bf7c407c2cedff20999df2af8eb42d56 -> 
  custom:audio-encoder-webm-vorbis: bf7c407c2cedff20999df2af8eb42d56 -> 
========================================================================
Received Import Request.
  Time since last request: 3957.924999 seconds.
  path: Assets/boi.prefab
  artifactKey: Guid(3274a6a8a47ae45febec445681e9ca04) Importer(815301076,1909f56bfc062723c751e8b465ee728b)
Start importing Assets/boi.prefab using Guid(3274a6a8a47ae45febec445681e9ca04) Importer(815301076,1909f56bfc062723c751e8b465ee728b)  -> (artifact id: 'ed3b440224e8b180b47c0084918524cf') in 0.191190 seconds 
  Import took 0.200349 seconds .

